<?xml version="1.0" encoding="UTF-8"?>
<testng-results ignored="0" total="2" passed="2" failed="0" skipped="0">
  <reporter-output>
  </reporter-output>
  <suite started-at="2023-07-22T21:34:04 IST" name="Default suite" finished-at="2023-07-22T21:34:14 IST" duration-ms="9977">
    <groups>
    </groups>
    <test started-at="2023-07-22T21:34:04 IST" name="Default test" finished-at="2023-07-22T21:34:14 IST" duration-ms="9977">
      <class name="seleniumproject.demo2">
        <test-method signature="getTitle()[pri:0, instance:seleniumproject.demo2@8458f04]" started-at="2023-07-22T21:34:04 IST" name="getTitle" finished-at="2023-07-22T21:34:08 IST" duration-ms="4554" status="PASS">
          <reporter-output>
          </reporter-output>
        </test-method> <!-- getTitle -->
        <test-method signature="setup()[pri:0, instance:seleniumproject.demo2@8458f04]" started-at="2023-07-22T21:34:08 IST" name="setup" finished-at="2023-07-22T21:34:14 IST" duration-ms="5374" status="PASS">
          <reporter-output>
          </reporter-output>
        </test-method> <!-- setup -->
      </class> <!-- seleniumproject.demo2 -->
    </test> <!-- Default test -->
  </suite> <!-- Default suite -->
</testng-results>
